[LOG] System::create                           : Header version = 1.10.07. Current version = 1.10.07.
[LOG] SystemI::setOutputInternal               : Setting output to 'FMOD WASAPI Output'
[LOG] Manager::init                            : maxchannels = 1024 studioflags = 00000009 flags 00000000 extradriverdata 0000000000000000.
[LOG] SystemI::init                            : Initialize version=11007 (95892), maxchannels=1024, flags=0x00030000
[LOG] OutputWASAPI::init                       : Mix Format (WAVEFORMATEX): wFormatTag=0xFFFE, nChannels=2, nSamplesPerSec=48000, nAvgBytesPerSec=384000, nBlockAlign=8, wBitsPerSample=32, cbSize=22.
[LOG] OutputWASAPI::init                       : Mix Format (WAVEFORMATEXTENSIBLE): wValidBitsPerSample=32, dwChannelMask=0x00000003, SubFormat=00000003-0000-0010-8000-00AA00389B71.
[LOG] OutputWASAPI::init                       : Output buffer size: 4096 samples, latency: 0.00ms, period: 10.00ms, DSP buffer: 1024 * 4
[LOG] Thread::initThread                       : Init FMOD stream thread. Priority: 2, Stack Size: 65536, Semaphore: No, Sleep Time: 10, Looping: Yes.
[LOG] SystemI::DSPCodecPoolRegister            : register codec pool for pool type 5
[LOG] Thread::initThread                       : Init FMOD mixer thread. Priority: 3, Stack Size: 49152, Semaphore: No, Sleep Time: 0, Looping: Yes.
[LOG] AsyncManager::init                       : manager 000002E0E6B12A38 isAsync 1 updatePeriod 0.02
[LOG] Thread::initThread                       : Init FMOD Studio update thread. Priority: 0, Stack Size: 65536, Semaphore: No, Sleep Time: 1, Looping: No.
[LOG] AsyncManager::init                       : done
[LOG] PlaybackSystem::init                     : 
[LOG] Thread::initThread                       : Init FMOD Studio sample load thread. Priority: 0, Stack Size: 65536, Semaphore: No, Sleep Time: 1, Looping: No.
[LOG] PlaybackSystem::init                     : done
[LOG] LiveUpdate::init                         : 
[LOG] Thread::initThread                       : Init FMOD Studio bank load thread. Priority: 0, Stack Size: 65536, Semaphore: No, Sleep Time: 1, Looping: No.
[LOG] Manager::init                            : done.
[LOG] Profile::init                            : Profiler listening on port: 9264
[LOG] Manager::readBank                        : fileversion = 100, compatVersion = 99 (oldest = 44, newest = 100)
[LOG] Manager::readBank                        : fileversion = 100, compatVersion = 99 (oldest = 44, newest = 100)
[LOG] PlaybackSystem::acquireMasterBus         : Setting master channel group format to 6
[LOG] SystemI::createSoundInternal             : Create name='', mode=0x02000202
[LOG] SystemI::createSoundInternal             : exinfo->cbsize             = 232
[LOG] SystemI::createSoundInternal             : exinfo->length             = 1583296
[LOG] SystemI::createSoundInternal             : exinfo->fileoffset         = 77312
[LOG] SystemI::createSoundInternal             : exinfo->numsubsounds       = 1
[LOG] SystemI::createSoundInternal             : exinfo->inclusionlist      = 000000FFB410F35C
[LOG] SystemI::createSoundInternal             : exinfo->inclusionlistnum   = 1
[LOG] SystemI::createSoundInternal             : exinfo->suggestedsoundtype = 5
[LOG] SystemI::createSoundInternal             : exinfo->useropen           = 00007FF9F852D9C0
[LOG] SystemI::createSoundInternal             : exinfo->userclose          = 00007FF9F852D990
[LOG] SystemI::createSoundInternal             : exinfo->userread           = 00007FF9F852DA90
[LOG] SystemI::createSoundInternal             : exinfo->userseek           = 00007FF9F852DB50
[LOG] SystemI::createSoundInternal             : exinfo->fileuserdata       = 000002E0DA57E5D8
[LOG] SystemI::createSoundInternal             : exinfo->initialseekpostype = 1
[LOG] SystemI::DSPCodecPoolRegister            : register codec pool for pool type 5
[LOG] SystemI::createSoundInternal             : Sample 0/1: name='Jumping concrete 04', format=2, channels=2, frequency=48000, lengthbytes=4800, lengthpcm=69872, pcmblocksize=0, loopstart=0, loopend=0, mode=0x00000000, channelmask=0x00000000, channelorder=0, peakvolume=0.332222.
[LOG] SystemI::createSoundInternal             : Create name='', mode=0x02000202
[LOG] SystemI::createSoundInternal             : exinfo->cbsize             = 232
[LOG] SystemI::createSoundInternal             : exinfo->length             = 1583296
[LOG] SystemI::createSoundInternal             : exinfo->fileoffset         = 77312
[LOG] SystemI::createSoundInternal             : exinfo->numsubsounds       = 1
[LOG] SystemI::createSoundInternal             : exinfo->inclusionlist      = 000000FFB410F35C
[LOG] SystemI::createSoundInternal             : exinfo->inclusionlistnum   = 1
[LOG] SystemI::createSoundInternal             : exinfo->suggestedsoundtype = 5
[LOG] SystemI::createSoundInternal             : exinfo->useropen           = 00007FF9F852D9C0
[LOG] SystemI::createSoundInternal             : exinfo->userclose          = 00007FF9F852D990
[LOG] SystemI::createSoundInternal             : exinfo->userread           = 00007FF9F852DA90
[LOG] SystemI::createSoundInternal             : exinfo->userseek           = 00007FF9F852DB50
[LOG] SystemI::createSoundInternal             : exinfo->fileuserdata       = 000002E0DA57E5D8
[LOG] SystemI::createSoundInternal             : exinfo->initialseekpostype = 1
[LOG] SystemI::DSPCodecPoolRegister            : register codec pool for pool type 5
[LOG] SystemI::createSoundInternal             : Sample 0/1: name='Jumping concrete 03', format=2, channels=2, frequency=48000, lengthbytes=4672, lengthpcm=69872, pcmblocksize=0, loopstart=0, loopend=0, mode=0x00000000, channelmask=0x00000000, channelorder=0, peakvolume=0.352806.
[LOG] SystemI::createSoundInternal             : Create name='', mode=0x02000202
[LOG] SystemI::createSoundInternal             : exinfo->cbsize             = 232
[LOG] SystemI::createSoundInternal             : exinfo->length             = 1583296
[LOG] SystemI::createSoundInternal             : exinfo->fileoffset         = 77312
[LOG] SystemI::createSoundInternal             : exinfo->numsubsounds       = 1
[LOG] SystemI::createSoundInternal             : exinfo->inclusionlist      = 000000FFB410F35C
[LOG] SystemI::createSoundInternal             : exinfo->inclusionlistnum   = 1
[LOG] SystemI::createSoundInternal             : exinfo->suggestedsoundtype = 5
[LOG] SystemI::createSoundInternal             : exinfo->useropen           = 00007FF9F852D9C0
[LOG] SystemI::createSoundInternal             : exinfo->userclose          = 00007FF9F852D990
[LOG] SystemI::createSoundInternal             : exinfo->userread           = 00007FF9F852DA90
[LOG] SystemI::createSoundInternal             : exinfo->userseek           = 00007FF9F852DB50
[LOG] SystemI::createSoundInternal             : exinfo->fileuserdata       = 000002E0DA57E5D8
[LOG] SystemI::createSoundInternal             : exinfo->initialseekpostype = 1
[LOG] SystemI::DSPCodecPoolRegister            : register codec pool for pool type 5
[LOG] SystemI::createSoundInternal             : Sample 0/1: name='Jumping concrete 01', format=2, channels=2, frequency=48000, lengthbytes=5760, lengthpcm=74627, pcmblocksize=0, loopstart=0, loopend=0, mode=0x00000000, channelmask=0x00000000, channelorder=0, peakvolume=0.361782.
[LOG] SystemI::createSoundInternal             : Create name='', mode=0x02000202
[LOG] SystemI::createSoundInternal             : exinfo->cbsize             = 232
[LOG] SystemI::createSoundInternal             : exinfo->length             = 1583296
[LOG] SystemI::createSoundInternal             : exinfo->fileoffset         = 77312
[LOG] SystemI::createSoundInternal             : exinfo->numsubsounds       = 1
[LOG] SystemI::createSoundInternal             : exinfo->inclusionlist      = 000000FFB410F35C
[LOG] SystemI::createSoundInternal             : exinfo->inclusionlistnum   = 1
[LOG] SystemI::createSoundInternal             : exinfo->suggestedsoundtype = 5
[LOG] SystemI::createSoundInternal             : exinfo->useropen           = 00007FF9F852D9C0
[LOG] SystemI::createSoundInternal             : exinfo->userclose          = 00007FF9F852D990
[LOG] SystemI::createSoundInternal             : exinfo->userread           = 00007FF9F852DA90
[LOG] SystemI::createSoundInternal             : exinfo->userseek           = 00007FF9F852DB50
[LOG] SystemI::createSoundInternal             : exinfo->fileuserdata       = 000002E0DA57E5D8
[LOG] SystemI::createSoundInternal             : exinfo->initialseekpostype = 1
[LOG] SystemI::DSPCodecPoolRegister            : register codec pool for pool type 5
[LOG] SystemI::createSoundInternal             : Sample 0/1: name='Jumping concrete 02', format=2, channels=2, frequency=48000, lengthbytes=4768, lengthpcm=68921, pcmblocksize=0, loopstart=0, loopend=0, mode=0x00000000, channelmask=0x00000000, channelorder=0, peakvolume=0.300478.
[LOG] SystemI::createSoundInternal             : Create name='', mode=0x02000202
[LOG] SystemI::createSoundInternal             : exinfo->cbsize             = 232
[LOG] SystemI::createSoundInternal             : exinfo->length             = 1583296
[LOG] SystemI::createSoundInternal             : exinfo->fileoffset         = 77312
[LOG] SystemI::createSoundInternal             : exinfo->numsubsounds       = 1
[LOG] SystemI::createSoundInternal             : exinfo->inclusionlist      = 000000FFB410F35C
[LOG] SystemI::createSoundInternal             : exinfo->inclusionlistnum   = 1
[LOG] SystemI::createSoundInternal             : exinfo->suggestedsoundtype = 5
[LOG] SystemI::createSoundInternal             : exinfo->useropen           = 00007FF9F852D9C0
[LOG] SystemI::createSoundInternal             : exinfo->userclose          = 00007FF9F852D990
[LOG] SystemI::createSoundInternal             : exinfo->userread           = 00007FF9F852DA90
[LOG] SystemI::createSoundInternal             : exinfo->userseek           = 00007FF9F852DB50
[LOG] SystemI::createSoundInternal             : exinfo->fileuserdata       = 000002E0B1E5DD78
[LOG] SystemI::createSoundInternal             : exinfo->initialseekpostype = 1
[LOG] SystemI::DSPCodecPoolRegister            : register codec pool for pool type 5
[LOG] SystemI::createSoundInternal             : Sample 0/1: name='Jumping metal 04', format=2, channels=2, frequency=48000, lengthbytes=3200, lengthpcm=62537, pcmblocksize=0, loopstart=0, loopend=0, mode=0x00000000, channelmask=0x00000000, channelorder=0, peakvolume=0.409543.
[LOG] SystemI::createSoundInternal             : Create name='', mode=0x02000202
[LOG] SystemI::createSoundInternal             : exinfo->cbsize             = 232
[LOG] SystemI::createSoundInternal             : exinfo->length             = 1583296
[LOG] SystemI::createSoundInternal             : exinfo->fileoffset         = 77312
[LOG] SystemI::createSoundInternal             : exinfo->numsubsounds       = 1
[LOG] SystemI::createSoundInternal             : exinfo->inclusionlist      = 000000FFB410F35C
[LOG] SystemI::createSoundInternal             : exinfo->inclusionlistnum   = 1
[LOG] SystemI::createSoundInternal             : exinfo->suggestedsoundtype = 5
[LOG] SystemI::createSoundInternal             : exinfo->useropen           = 00007FF9F852D9C0
[LOG] SystemI::createSoundInternal             : exinfo->userclose          = 00007FF9F852D990
[LOG] SystemI::createSoundInternal             : exinfo->userread           = 00007FF9F852DA90
[LOG] SystemI::createSoundInternal             : exinfo->userseek           = 00007FF9F852DB50
[LOG] SystemI::createSoundInternal             : exinfo->fileuserdata       = 000002E0B1E5DD78
[LOG] SystemI::createSoundInternal             : exinfo->initialseekpostype = 1
[LOG] SystemI::DSPCodecPoolRegister            : register codec pool for pool type 5
[LOG] SystemI::createSoundInternal             : Sample 0/1: name='Jumping metal 03', format=2, channels=2, frequency=48000, lengthbytes=3136, lengthpcm=62537, pcmblocksize=0, loopstart=0, loopend=0, mode=0x00000000, channelmask=0x00000000, channelorder=0, peakvolume=0.198785.
[LOG] SystemI::createSoundInternal             : Create name='', mode=0x02000202
[LOG] SystemI::createSoundInternal             : exinfo->cbsize             = 232
[LOG] SystemI::createSoundInternal             : exinfo->length             = 1583296
[LOG] SystemI::createSoundInternal             : exinfo->fileoffset         = 77312
[LOG] SystemI::createSoundInternal             : exinfo->numsubsounds       = 1
[LOG] SystemI::createSoundInternal             : exinfo->inclusionlist      = 000000FFB410F35C
[LOG] SystemI::createSoundInternal             : exinfo->inclusionlistnum   = 1
[LOG] SystemI::createSoundInternal             : exinfo->suggestedsoundtype = 5
[LOG] SystemI::createSoundInternal             : exinfo->useropen           = 00007FF9F852D9C0
[LOG] SystemI::createSoundInternal             : exinfo->userclose          = 00007FF9F852D990
[LOG] SystemI::createSoundInternal             : exinfo->userread           = 00007FF9F852DA90
[LOG] SystemI::createSoundInternal             : exinfo->userseek           = 00007FF9F852DB50
[LOG] SystemI::createSoundInternal             : exinfo->fileuserdata       = 000002E0B1E5DD78
[LOG] SystemI::createSoundInternal             : exinfo->initialseekpostype = 1
[LOG] SystemI::DSPCodecPoolRegister            : register codec pool for pool type 5
[LOG] SystemI::createSoundInternal             : Sample 0/1: name='Jumping metal 02', format=2, channels=2, frequency=48000, lengthbytes=3904, lengthpcm=65765, pcmblocksize=0, loopstart=0, loopend=0, mode=0x00000000, channelmask=0x00000000, channelorder=0, peakvolume=0.236436.
[LOG] SystemI::createSoundInternal             : Create name='', mode=0x02000202
[LOG] SystemI::createSoundInternal             : exinfo->cbsize             = 232
[LOG] SystemI::createSoundInternal             : exinfo->length             = 1583296
[LOG] SystemI::createSoundInternal             : exinfo->fileoffset         = 77312
[LOG] SystemI::createSoundInternal             : exinfo->numsubsounds       = 1
[LOG] SystemI::createSoundInternal             : exinfo->inclusionlist      = 000000FFB410F35C
[LOG] SystemI::createSoundInternal             : exinfo->inclusionlistnum   = 1
[LOG] SystemI::createSoundInternal             : exinfo->suggestedsoundtype = 5
[LOG] SystemI::createSoundInternal             : exinfo->useropen           = 00007FF9F852D9C0
[LOG] SystemI::createSoundInternal             : exinfo->userclose          = 00007FF9F852D990
[LOG] SystemI::createSoundInternal             : exinfo->userread           = 00007FF9F852DA90
[LOG] SystemI::createSoundInternal             : exinfo->userseek           = 00007FF9F852DB50
[LOG] SystemI::createSoundInternal             : exinfo->fileuserdata       = 000002E0B1E5DD78
[LOG] SystemI::createSoundInternal             : exinfo->initialseekpostype = 1
[LOG] SystemI::DSPCodecPoolRegister            : register codec pool for pool type 5
[LOG] SystemI::createSoundInternal             : Sample 0/1: name='Jumping metal 01', format=2, channels=2, frequency=48000, lengthbytes=5088, lengthpcm=72725, pcmblocksize=0, loopstart=0, loopend=0, mode=0x00000000, channelmask=0x00000000, channelorder=0, peakvolume=0.270239.
[LOG] SoundI::release                          :  (000002E0DACB1BB8)
[LOG] SoundI::release                          :     Jumping concrete 01 (000002E0E6ED2118)
[LOG] SoundI::release                          :  (000002E0DACB3878)
[LOG] SoundI::release                          :     Jumping concrete 02 (000002E0E6ED18F8)
[LOG] SoundI::release                          :  (000002E0DACB3148)
[LOG] SoundI::release                          :     Jumping concrete 03 (000002E0E6ED1758)
[LOG] SoundI::release                          :  (000002E0DACB46D8)
[LOG] SoundI::release                          :     Jumping concrete 04 (000002E0DA9ABEC8)
[LOG] SoundI::release                          :  (000002E0DACB3708)
[LOG] SoundI::release                          :     Jumping metal 01 (000002E0E6ED1DD8)
[LOG] SoundI::release                          :  (000002E0DACB25C8)
[LOG] SoundI::release                          :     Jumping metal 03 (000002E0E6ED2458)
[LOG] SoundI::release                          :  (000002E0DACB4848)
[LOG] SoundI::release                          :     Jumping metal 04 (000002E0E6ED1A98)
[LOG] SoundI::release                          :  (000002E0DACB2738)
[LOG] SoundI::release                          :     Jumping metal 02 (000002E0E6ED1C38)
[LOG] Thread::callback                         : FMOD Studio update thread finished.
[LOG] Thread::callback                         : FMOD Studio bank load thread finished.
[LOG] Profile::disconnectAll                   : Profiler disconnecting all clients
[LOG] Thread::callback                         : FMOD Studio sample load thread finished.
[LOG] LiveUpdate::release                      : 
[LOG] LiveUpdate::reset                        : Reset connection (reason Disconnected)
[LOG] Thread::callback                         : FMOD stream thread finished.
[LOG] Thread::callback                         : FMOD mixer thread finished.
[LOG] Profile::disconnectAll                   : Profiler disconnecting all clients
[LOG] SystemI::close                           : Closed.
